# JRE version: OpenJDK Runtime Environment (24.0.2+12) (build 24.0.2+12-54)
# Java VM: OpenJDK 64-Bit Server VM (24.0.2+12-54, mixed mode, sharing, tiered, compressed oops, compressed class ptrs, g1 gc, windows-amd64)
GC Precious Log:
 CardTable entry size: 512
 Card Set container configuration: InlinePtr #cards 4 size 8 Array Of Cards #cards 16 size 48 Howl #buckets 8 coarsen threshold 3686 Howl Bitmap #cards 512 size 80 coarsen threshold 460 Card regions per heap region 1 cards per card region 4096
 CPUs: 16 total, 16 available
 Memory: 16068M
 Large Page Support: Disabled
 NUMA Support: Disabled
 Compressed Oops: Enabled (Zero based)
 Heap Region Size: 2M
 Heap Min Capacity: 8M
 Heap Initial Capacity: 252M
 Heap Max Capacity: 4018M
 Pre-touch: Disabled
 Parallel Workers: 13
 Concurrent Workers: 3
 Concurrent Refinement Workers: 13
 Periodic GC: Disabled
Heap:
 garbage-first heap   total reserved 4114432K, committed 96256K, used 79352K [0x0000000704e00000, 0x0000000800000000)
  region size 2048K, 18 young (36864K), 3 survivors (6144K)
 Metaspace       used 102481K, committed 103104K, reserved 1179648K
  class space    used 11278K, committed 11520K, reserved 1048576K
GC Heap History (20 events):
Event: 4.593 GC heap before
{Heap before GC invocations=9 (full 0):
 garbage-first heap   total reserved 4114432K, committed 79872K, used 40081K [0x0000000704e00000, 0x0000000800000000)
  region size 2048K, 9 young (18432K), 3 survivors (6144K)
 Metaspace       used 59614K, committed 60096K, reserved 1114112K
  class space    used 6187K, committed 6400K, reserved 1048576K
}
Event: 4.597 GC heap after
{Heap after GC invocations=10 (full 0):
 garbage-first heap   total reserved 4114432K, committed 79872K, used 31342K [0x0000000704e00000, 0x0000000800000000)
  region size 2048K, 3 young (6144K), 3 survivors (6144K)
 Metaspace       used 59614K, committed 60096K, reserved 1114112K
  class space    used 6187K, committed 6400K, reserved 1048576K
}
Event: 5.069 GC heap before
{Heap before GC invocations=11 (full 0):
 garbage-first heap   total reserved 4114432K, committed 79872K, used 62062K [0x0000000704e00000, 0x0000000800000000)
  region size 2048K, 19 young (38912K), 3 survivors (6144K)
 Metaspace       used 67702K, committed 68160K, reserved 1114112K
  class space    used 6983K, committed 7168K, reserved 1048576K
}
Event: 5.074 GC heap after
{Heap after GC invocations=12 (full 0):
 garbage-first heap   total reserved 4114432K, committed 79872K, used 33579K [0x0000000704e00000, 0x0000000800000000)
  region size 2048K, 2 young (4096K), 2 survivors (4096K)
 Metaspace       used 67702K, committed 68160K, reserved 1114112K
  class space    used 6983K, committed 7168K, reserved 1048576K
}
Event: 5.441 GC heap before
{Heap before GC invocations=12 (full 0):
 garbage-first heap   total reserved 4114432K, committed 79872K, used 66347K [0x0000000704e00000, 0x0000000800000000)
  region size 2048K, 19 young (38912K), 2 survivors (4096K)
 Metaspace       used 72773K, committed 73280K, reserved 1179648K
  class space    used 7581K, committed 7808K, reserved 1048576K
}
Event: 5.445 GC heap after
{Heap after GC invocations=13 (full 0):
 garbage-first heap   total reserved 4114432K, committed 79872K, used 33859K [0x0000000704e00000, 0x0000000800000000)
  region size 2048K, 3 young (6144K), 3 survivors (6144K)
 Metaspace       used 72773K, committed 73280K, reserved 1179648K
  class space    used 7581K, committed 7808K, reserved 1048576K
}
Event: 6.574 GC heap before
{Heap before GC invocations=13 (full 0):
 garbage-first heap   total reserved 4114432K, committed 79872K, used 64579K [0x0000000704e00000, 0x0000000800000000)
  region size 2048K, 18 young (36864K), 3 survivors (6144K)
 Metaspace       used 77438K, committed 77888K, reserved 1179648K
  class space    used 8066K, committed 8256K, reserved 1048576K
}
Event: 6.579 GC heap after
{Heap after GC invocations=14 (full 0):
 garbage-first heap   total reserved 4114432K, committed 96256K, used 36127K [0x0000000704e00000, 0x0000000800000000)
  region size 2048K, 2 young (4096K), 2 survivors (4096K)
 Metaspace       used 77438K, committed 77888K, reserved 1179648K
  class space    used 8066K, committed 8256K, reserved 1048576K
}
Event: 6.898 GC heap before
{Heap before GC invocations=14 (full 0):
 garbage-first heap   total reserved 4114432K, committed 96256K, used 83231K [0x0000000704e00000, 0x0000000800000000)
  region size 2048K, 25 young (51200K), 2 survivors (4096K)
 Metaspace       used 80295K, committed 80832K, reserved 1179648K
  class space    used 8576K, committed 8832K, reserved 1048576K
}
Event: 6.902 GC heap after
{Heap after GC invocations=15 (full 0):
 garbage-first heap   total reserved 4114432K, committed 96256K, used 40241K [0x0000000704e00000, 0x0000000800000000)
  region size 2048K, 4 young (8192K), 4 survivors (8192K)
 Metaspace       used 80295K, committed 80832K, reserved 1179648K
  class space    used 8576K, committed 8832K, reserved 1048576K
}
Event: 7.181 GC heap before
{Heap before GC invocations=15 (full 0):
 garbage-first heap   total reserved 4114432K, committed 96256K, used 81201K [0x0000000704e00000, 0x0000000800000000)
  region size 2048K, 24 young (49152K), 4 survivors (8192K)
 Metaspace       used 83502K, committed 84032K, reserved 1179648K
  class space    used 9156K, committed 9408K, reserved 1048576K
}
Event: 7.184 GC heap after
{Heap after GC invocations=16 (full 0):
 garbage-first heap   total reserved 4114432K, committed 96256K, used 41109K [0x0000000704e00000, 0x0000000800000000)
  region size 2048K, 2 young (4096K), 2 survivors (4096K)
 Metaspace       used 83502K, committed 84032K, reserved 1179648K
  class space    used 9156K, committed 9408K, reserved 1048576K
}
Event: 7.443 GC heap before
{Heap before GC invocations=17 (full 0):
 garbage-first heap   total reserved 4114432K, committed 96256K, used 84117K [0x0000000704e00000, 0x0000000800000000)
  region size 2048K, 23 young (47104K), 2 survivors (4096K)
 Metaspace       used 84313K, committed 84864K, reserved 1179648K
  class space    used 9253K, committed 9536K, reserved 1048576K
}
Event: 7.445 GC heap after
{Heap after GC invocations=18 (full 0):
 garbage-first heap   total reserved 4114432K, committed 96256K, used 42122K [0x0000000704e00000, 0x0000000800000000)
  region size 2048K, 2 young (4096K), 2 survivors (4096K)
 Metaspace       used 84313K, committed 84864K, reserved 1179648K
  class space    used 9253K, committed 9536K, reserved 1048576K
}
Event: 8.002 GC heap before
{Heap before GC invocations=18 (full 0):
 garbage-first heap   total reserved 4114432K, committed 96256K, used 85130K [0x0000000704e00000, 0x0000000800000000)
  region size 2048K, 23 young (47104K), 2 survivors (4096K)
 Metaspace       used 87334K, committed 87936K, reserved 1179648K
  class space    used 9621K, committed 9920K, reserved 1048576K
}
Event: 8.005 GC heap after
{Heap after GC invocations=19 (full 0):
 garbage-first heap   total reserved 4114432K, committed 96256K, used 45046K [0x0000000704e00000, 0x0000000800000000)
  region size 2048K, 3 young (6144K), 3 survivors (6144K)
 Metaspace       used 87334K, committed 87936K, reserved 1179648K
  class space    used 9621K, committed 9920K, reserved 1048576K
}
Event: 1615.532 GC heap before
{Heap before GC invocations=19 (full 0):
 garbage-first heap   total reserved 4114432K, committed 96256K, used 81910K [0x0000000704e00000, 0x0000000800000000)
  region size 2048K, 21 young (43008K), 3 survivors (6144K)
 Metaspace       used 90657K, committed 91264K, reserved 1179648K
  class space    used 9986K, committed 10240K, reserved 1048576K
}
Event: 1615.544 GC heap after
{Heap after GC invocations=20 (full 0):
 garbage-first heap   total reserved 4114432K, committed 96256K, used 47170K [0x0000000704e00000, 0x0000000800000000)
  region size 2048K, 3 young (6144K), 3 survivors (6144K)
 Metaspace       used 90657K, committed 91264K, reserved 1179648K
  class space    used 9986K, committed 10240K, reserved 1048576K
}
Event: 4262.934 GC heap before
{Heap before GC invocations=21 (full 0):
 garbage-first heap   total reserved 4114432K, committed 96256K, used 79938K [0x0000000704e00000, 0x0000000800000000)
  region size 2048K, 20 young (40960K), 3 survivors (6144K)
 Metaspace       used 97615K, committed 98368K, reserved 1179648K
  class space    used 10671K, committed 11008K, reserved 1048576K
}
Event: 4262.945 GC heap after
{Heap after GC invocations=22 (full 0):
 garbage-first heap   total reserved 4114432K, committed 96256K, used 50680K [0x0000000704e00000, 0x0000000800000000)
  region size 2048K, 3 young (6144K), 3 survivors (6144K)
 Metaspace       used 97615K, committed 98368K, reserved 1179648K
  class space    used 10671K, committed 11008K, reserved 1048576K
}

